{"D:\\Project\\HRIS\\backend\\src\\prisma.ts": {"path":"D:\\Project\\HRIS\\backend\\src\\prisma.ts","statementMap":{"0":{"start":{"line":1,"column":0},"end":{"line":1,"column":46}},"1":{"start":{"line":3,"column":13},"end":{"line":3,"column":41}}},"fnMap":{},"branchMap":{},"s":{"0":1,"1":1},"f":{},"b":{}}
,"D:\\Project\\HRIS\\backend\\src\\utils\\payroll.ts": {"path":"D:\\Project\\HRIS\\backend\\src\\utils\\payroll.ts","statementMap":{"0":{"start":{"line":13,"column":0},"end":{"line":13,"column":16}},"1":{"start":{"line":26,"column":0},"end":{"line":26,"column":16}},"2":{"start":{"line":35,"column":0},"end":{"line":35,"column":16}},"3":{"start":{"line":2,"column":13},"end":{"line":11,"column":2}},"4":{"start":{"line":14,"column":24},"end":{"line":14,"column":60}},"5":{"start":{"line":15,"column":25},"end":{"line":15,"column":30}},"6":{"start":{"line":16,"column":18},"end":{"line":16,"column":100}},"7":{"start":{"line":17,"column":12},"end":{"line":17,"column":13}},"8":{"start":{"line":18,"column":2},"end":{"line":22,"column":3}},"9":{"start":{"line":19,"column":4},"end":{"line":19,"column":32}},"10":{"start":{"line":19,"column":26},"end":{"line":19,"column":32}},"11":{"start":{"line":20,"column":20},"end":{"line":20,"column":52}},"12":{"start":{"line":21,"column":4},"end":{"line":21,"column":28}},"13":{"start":{"line":23,"column":2},"end":{"line":23,"column":25}},"14":{"start":{"line":28,"column":20},"end":{"line":28,"column":35}},"15":{"start":{"line":29,"column":21},"end":{"line":29,"column":34}},"16":{"start":{"line":30,"column":22},"end":{"line":30,"column":93}},"17":{"start":{"line":31,"column":15},"end":{"line":31,"column":70}},"18":{"start":{"line":32,"column":2},"end":{"line":32,"column":49}},"19":{"start":{"line":36,"column":21},"end":{"line":36,"column":83}},"20":{"start":{"line":37,"column":18},"end":{"line":37,"column":79}},"21":{"start":{"line":38,"column":17},"end":{"line":38,"column":49}},"22":{"start":{"line":40,"column":18},"end":{"line":40,"column":46}},"23":{"start":{"line":41,"column":14},"end":{"line":41,"column":61}},"24":{"start":{"line":42,"column":22},"end":{"line":42,"column":25}},"25":{"start":{"line":44,"column":2},"end":{"line":44,"column":30}}},"fnMap":{"0":{"name":"calcThaiTax","decl":{"start":{"line":13,"column":16},"end":{"line":13,"column":27}},"loc":{"start":{"line":13,"column":94},"end":{"line":24,"column":1}}},"1":{"name":"calcOTPay","decl":{"start":{"line":26,"column":16},"end":{"line":26,"column":25}},"loc":{"start":{"line":26,"column":104},"end":{"line":33,"column":1}}},"2":{"name":"calcSso","decl":{"start":{"line":35,"column":16},"end":{"line":35,"column":23}},"loc":{"start":{"line":35,"column":60},"end":{"line":45,"column":1}}}},"branchMap":{"0":{"loc":{"start":{"line":13,"column":50},"end":{"line":13,"column":71}},"type":"default-arg","locations":[{"start":{"line":13,"column":70},"end":{"line":13,"column":71}}]},"1":{"loc":{"start":{"line":13,"column":73},"end":{"line":13,"column":94}},"type":"default-arg","locations":[{"start":{"line":13,"column":93},"end":{"line":13,"column":94}}]},"2":{"loc":{"start":{"line":19,"column":4},"end":{"line":19,"column":32}},"type":"if","locations":[{"start":{"line":19,"column":4},"end":{"line":19,"column":32}},{"start":{},"end":{}}]},"3":{"loc":{"start":{"line":26,"column":53},"end":{"line":26,"column":70}},"type":"default-arg","locations":[{"start":{"line":26,"column":65},"end":{"line":26,"column":70}}]},"4":{"loc":{"start":{"line":26,"column":84},"end":{"line":26,"column":104}},"type":"default-arg","locations":[{"start":{"line":26,"column":100},"end":{"line":26,"column":104}}]},"5":{"loc":{"start":{"line":30,"column":22},"end":{"line":30,"column":93}},"type":"cond-expr","locations":[{"start":{"line":30,"column":41},"end":{"line":30,"column":68}},{"start":{"line":30,"column":72},"end":{"line":30,"column":92}}]},"6":{"loc":{"start":{"line":30,"column":72},"end":{"line":30,"column":92}},"type":"binary-expr","locations":[{"start":{"line":30,"column":72},"end":{"line":30,"column":85}},{"start":{"line":30,"column":89},"end":{"line":30,"column":92}}]},"7":{"loc":{"start":{"line":31,"column":15},"end":{"line":31,"column":70}},"type":"cond-expr","locations":[{"start":{"line":31,"column":28},"end":{"line":31,"column":55}},{"start":{"line":31,"column":59},"end":{"line":31,"column":70}}]},"8":{"loc":{"start":{"line":31,"column":28},"end":{"line":31,"column":55}},"type":"binary-expr","locations":[{"start":{"line":31,"column":28},"end":{"line":31,"column":48}},{"start":{"line":31,"column":52},"end":{"line":31,"column":55}}]},"9":{"loc":{"start":{"line":35,"column":40},"end":{"line":35,"column":60}},"type":"default-arg","locations":[{"start":{"line":35,"column":56},"end":{"line":35,"column":60}}]},"10":{"loc":{"start":{"line":36,"column":21},"end":{"line":36,"column":83}},"type":"cond-expr","locations":[{"start":{"line":36,"column":44},"end":{"line":36,"column":75}},{"start":{"line":36,"column":78},"end":{"line":36,"column":83}}]},"11":{"loc":{"start":{"line":37,"column":18},"end":{"line":37,"column":79}},"type":"cond-expr","locations":[{"start":{"line":37,"column":38},"end":{"line":37,"column":72}},{"start":{"line":37,"column":75},"end":{"line":37,"column":79}}]}},"s":{"0":1,"1":1,"2":1,"3":1,"4":3,"5":3,"6":3,"7":3,"8":3,"9":8,"10":3,"11":5,"12":5,"13":3,"14":2,"15":2,"16":2,"17":2,"18":2,"19":2,"20":2,"21":2,"22":2,"23":2,"24":2,"25":2},"f":{"0":3,"1":2,"2":2},"b":{"0":[2],"1":[2],"2":[3,5],"3":[0],"4":[2],"5":[0,2],"6":[2,1],"7":[1,1],"8":[1,0],"9":[2],"10":[0,2],"11":[0,2]}}
,"D:\\Project\\HRIS\\backend\\src\\utils\\scopeFilter.ts": {"path":"D:\\Project\\HRIS\\backend\\src\\utils\\scopeFilter.ts","statementMap":{"0":{"start":{"line":20,"column":0},"end":{"line":20,"column":7}},"1":{"start":{"line":66,"column":0},"end":{"line":66,"column":7}},"2":{"start":{"line":1,"column":0},"end":{"line":1,"column":35}},"3":{"start":{"line":22,"column":2},"end":{"line":22,"column":34}},"4":{"start":{"line":22,"column":24},"end":{"line":22,"column":34}},"5":{"start":{"line":24,"column":16},"end":{"line":26,"column":4}},"6":{"start":{"line":28,"column":2},"end":{"line":38,"column":3}},"7":{"start":{"line":30,"column":4},"end":{"line":32,"column":5}},"8":{"start":{"line":31,"column":6},"end":{"line":31,"column":46}},"9":{"start":{"line":34,"column":4},"end":{"line":36,"column":5}},"10":{"start":{"line":35,"column":6},"end":{"line":35,"column":38}},"11":{"start":{"line":37,"column":4},"end":{"line":37,"column":22}},"12":{"start":{"line":40,"column":21},"end":{"line":40,"column":23}},"13":{"start":{"line":42,"column":2},"end":{"line":47,"column":3}},"14":{"start":{"line":43,"column":20},"end":{"line":43,"column":51}},"15":{"start":{"line":44,"column":4},"end":{"line":46,"column":5}},"16":{"start":{"line":45,"column":6},"end":{"line":45,"column":49}},"17":{"start":{"line":49,"column":2},"end":{"line":54,"column":3}},"18":{"start":{"line":50,"column":18},"end":{"line":50,"column":49}},"19":{"start":{"line":51,"column":4},"end":{"line":53,"column":5}},"20":{"start":{"line":52,"column":6},"end":{"line":52,"column":33}},"21":{"start":{"line":56,"column":2},"end":{"line":61,"column":3}},"22":{"start":{"line":57,"column":19},"end":{"line":57,"column":46}},"23":{"start":{"line":58,"column":4},"end":{"line":60,"column":5}},"24":{"start":{"line":59,"column":6},"end":{"line":59,"column":49}},"25":{"start":{"line":63,"column":2},"end":{"line":63,"column":15}},"26":{"start":{"line":68,"column":2},"end":{"line":74,"column":3}},"27":{"start":{"line":69,"column":4},"end":{"line":73,"column":6}},"28":{"start":{"line":76,"column":16},"end":{"line":78,"column":4}},"29":{"start":{"line":80,"column":2},"end":{"line":95,"column":3}},"30":{"start":{"line":82,"column":4},"end":{"line":88,"column":5}},"31":{"start":{"line":83,"column":6},"end":{"line":87,"column":8}},"32":{"start":{"line":90,"column":4},"end":{"line":94,"column":6}},"33":{"start":{"line":97,"column":51},"end":{"line":97,"column":53}},"34":{"start":{"line":98,"column":64},"end":{"line":98,"column":66}},"35":{"start":{"line":100,"column":2},"end":{"line":106,"column":3}},"36":{"start":{"line":101,"column":20},"end":{"line":101,"column":49}},"37":{"start":{"line":102,"column":4},"end":{"line":105,"column":5}},"38":{"start":{"line":103,"column":6},"end":{"line":103,"column":57}},"39":{"start":{"line":104,"column":6},"end":{"line":104,"column":76}},"40":{"start":{"line":108,"column":2},"end":{"line":112,"column":4}}},"fnMap":{"0":{"name":"buildEmployeeWhereClause","decl":{"start":{"line":20,"column":22},"end":{"line":20,"column":46}},"loc":{"start":{"line":20,"column":64},"end":{"line":64,"column":1}}},"1":{"name":"buildPayrollWhereClause","decl":{"start":{"line":66,"column":22},"end":{"line":66,"column":45}},"loc":{"start":{"line":66,"column":63},"end":{"line":113,"column":1}}}},"branchMap":{"0":{"loc":{"start":{"line":22,"column":2},"end":{"line":22,"column":34}},"type":"if","locations":[{"start":{"line":22,"column":2},"end":{"line":22,"column":34}},{"start":{},"end":{}}]},"1":{"loc":{"start":{"line":28,"column":2},"end":{"line":38,"column":3}},"type":"if","locations":[{"start":{"line":28,"column":2},"end":{"line":38,"column":3}},{"start":{},"end":{}}]},"2":{"loc":{"start":{"line":30,"column":4},"end":{"line":32,"column":5}},"type":"if","locations":[{"start":{"line":30,"column":4},"end":{"line":32,"column":5}},{"start":{},"end":{}}]},"3":{"loc":{"start":{"line":30,"column":8},"end":{"line":30,"column":47}},"type":"binary-expr","locations":[{"start":{"line":30,"column":8},"end":{"line":30,"column":20}},{"start":{"line":30,"column":24},"end":{"line":30,"column":47}}]},"4":{"loc":{"start":{"line":34,"column":4},"end":{"line":36,"column":5}},"type":"if","locations":[{"start":{"line":34,"column":4},"end":{"line":36,"column":5}},{"start":{},"end":{}}]},"5":{"loc":{"start":{"line":35,"column":19},"end":{"line":35,"column":35}},"type":"binary-expr","locations":[{"start":{"line":35,"column":19},"end":{"line":35,"column":29}},{"start":{"line":35,"column":33},"end":{"line":35,"column":35}}]},"6":{"loc":{"start":{"line":42,"column":2},"end":{"line":47,"column":3}},"type":"if","locations":[{"start":{"line":42,"column":2},"end":{"line":47,"column":3}},{"start":{},"end":{}}]},"7":{"loc":{"start":{"line":44,"column":4},"end":{"line":46,"column":5}},"type":"if","locations":[{"start":{"line":44,"column":4},"end":{"line":46,"column":5}},{"start":{},"end":{}}]},"8":{"loc":{"start":{"line":49,"column":2},"end":{"line":54,"column":3}},"type":"if","locations":[{"start":{"line":49,"column":2},"end":{"line":54,"column":3}},{"start":{},"end":{}}]},"9":{"loc":{"start":{"line":51,"column":4},"end":{"line":53,"column":5}},"type":"if","locations":[{"start":{"line":51,"column":4},"end":{"line":53,"column":5}},{"start":{},"end":{}}]},"10":{"loc":{"start":{"line":56,"column":2},"end":{"line":61,"column":3}},"type":"if","locations":[{"start":{"line":56,"column":2},"end":{"line":61,"column":3}},{"start":{},"end":{}}]},"11":{"loc":{"start":{"line":58,"column":4},"end":{"line":60,"column":5}},"type":"if","locations":[{"start":{"line":58,"column":4},"end":{"line":60,"column":5}},{"start":{},"end":{}}]},"12":{"loc":{"start":{"line":68,"column":2},"end":{"line":74,"column":3}},"type":"if","locations":[{"start":{"line":68,"column":2},"end":{"line":74,"column":3}},{"start":{},"end":{}}]},"13":{"loc":{"start":{"line":80,"column":2},"end":{"line":95,"column":3}},"type":"if","locations":[{"start":{"line":80,"column":2},"end":{"line":95,"column":3}},{"start":{},"end":{}}]},"14":{"loc":{"start":{"line":82,"column":4},"end":{"line":88,"column":5}},"type":"if","locations":[{"start":{"line":82,"column":4},"end":{"line":88,"column":5}},{"start":{},"end":{}}]},"15":{"loc":{"start":{"line":82,"column":8},"end":{"line":82,"column":38}},"type":"binary-expr","locations":[{"start":{"line":82,"column":8},"end":{"line":82,"column":24}},{"start":{"line":82,"column":28},"end":{"line":82,"column":38}}]},"16":{"loc":{"start":{"line":100,"column":2},"end":{"line":106,"column":3}},"type":"if","locations":[{"start":{"line":100,"column":2},"end":{"line":106,"column":3}},{"start":{},"end":{}}]},"17":{"loc":{"start":{"line":102,"column":4},"end":{"line":105,"column":5}},"type":"if","locations":[{"start":{"line":102,"column":4},"end":{"line":105,"column":5}},{"start":{},"end":{}}]}},"s":{"0":1,"1":1,"2":1,"3":0,"4":0,"5":0,"6":0,"7":0,"8":0,"9":0,"10":0,"11":0,"12":0,"13":0,"14":0,"15":0,"16":0,"17":0,"18":0,"19":0,"20":0,"21":0,"22":0,"23":0,"24":0,"25":0,"26":4,"27":1,"28":3,"29":3,"30":1,"31":1,"32":0,"33":2,"34":2,"35":2,"36":2,"37":2,"38":2,"39":2,"40":2},"f":{"0":0,"1":4},"b":{"0":[0,0],"1":[0,0],"2":[0,0],"3":[0,0],"4":[0,0],"5":[0,0],"6":[0,0],"7":[0,0],"8":[0,0],"9":[0,0],"10":[0,0],"11":[0,0],"12":[1,3],"13":[1,2],"14":[1,0],"15":[1,1],"16":[2,0],"17":[2,0]}}
}
