TN:
SF:src\prisma.ts
FNF:0
FNH:0
DA:1,1
DA:3,1
LF:2
LH:2
BRF:0
BRH:0
end_of_record
TN:
SF:src\utils\payroll.ts
FN:13,calcThaiTax
FN:26,calcOTPay
FN:35,calcSso
FNF:3
FNH:3
FNDA:3,calcThaiTax
FNDA:2,calcOTPay
FNDA:2,calcSso
DA:2,1
DA:13,1
DA:14,3
DA:15,3
DA:16,3
DA:17,3
DA:18,3
DA:19,8
DA:20,5
DA:21,5
DA:23,3
DA:26,1
DA:28,2
DA:29,2
DA:30,2
DA:31,2
DA:32,2
DA:35,1
DA:36,2
DA:37,2
DA:38,2
DA:40,2
DA:41,2
DA:42,2
DA:44,2
LF:25
LH:25
BRDA:13,0,0,2
BRDA:13,1,0,2
BRDA:19,2,0,3
BRDA:19,2,1,5
BRDA:26,3,0,0
BRDA:26,4,0,2
BRDA:30,5,0,0
BRDA:30,5,1,2
BRDA:30,6,0,2
BRDA:30,6,1,1
BRDA:31,7,0,1
BRDA:31,7,1,1
BRDA:31,8,0,1
BRDA:31,8,1,0
BRDA:35,9,0,2
BRDA:36,10,0,0
BRDA:36,10,1,2
BRDA:37,11,0,0
BRDA:37,11,1,2
BRF:19
BRH:14
end_of_record
TN:
SF:src\utils\scopeFilter.ts
FN:20,buildEmployeeWhereClause
FN:66,buildPayrollWhereClause
FNF:2
FNH:1
FNDA:0,buildEmployeeWhereClause
FNDA:4,buildPayrollWhereClause
DA:1,1
DA:20,1
DA:22,0
DA:24,0
DA:28,0
DA:30,0
DA:31,0
DA:34,0
DA:35,0
DA:37,0
DA:40,0
DA:42,0
DA:43,0
DA:44,0
DA:45,0
DA:49,0
DA:50,0
DA:51,0
DA:52,0
DA:56,0
DA:57,0
DA:58,0
DA:59,0
DA:63,0
DA:66,1
DA:68,4
DA:69,1
DA:76,3
DA:80,3
DA:82,1
DA:83,1
DA:90,0
DA:97,2
DA:98,2
DA:100,2
DA:101,2
DA:102,2
DA:103,2
DA:104,2
DA:108,2
LF:40
LH:17
BRDA:22,0,0,0
BRDA:22,0,1,0
BRDA:28,1,0,0
BRDA:28,1,1,0
BRDA:30,2,0,0
BRDA:30,2,1,0
BRDA:30,3,0,0
BRDA:30,3,1,0
BRDA:34,4,0,0
BRDA:34,4,1,0
BRDA:35,5,0,0
BRDA:35,5,1,0
BRDA:42,6,0,0
BRDA:42,6,1,0
BRDA:44,7,0,0
BRDA:44,7,1,0
BRDA:49,8,0,0
BRDA:49,8,1,0
BRDA:51,9,0,0
BRDA:51,9,1,0
BRDA:56,10,0,0
BRDA:56,10,1,0
BRDA:58,11,0,0
BRDA:58,11,1,0
BRDA:68,12,0,1
BRDA:68,12,1,3
BRDA:80,13,0,1
BRDA:80,13,1,2
BRDA:82,14,0,1
BRDA:82,14,1,0
BRDA:82,15,0,1
BRDA:82,15,1,1
BRDA:100,16,0,2
BRDA:100,16,1,0
BRDA:102,17,0,2
BRDA:102,17,1,0
BRF:36
BRH:9
end_of_record
